phase_id=V025-S9-P9.3
implementation_commit=0b2aa6677a61a600eb2596bd8b5d39ca32522084
product_identity_commit=168666305c874d91ab8fd45e9f925e49928e7e63
stage9_python_target=25_passed
selected_upstream_regression=68_passed
node_frontend_contracts=3_passed
formal_browser=16_of_16_pass
release_identity=10_passed
decision_count=2
counter_evidence_count=4
invalidation_condition_count=4
export_format_count=4
pdf_page_count=1
pdf_poppler_render=pass
pdf_visual_inspection=pass
complete_checkout_governance_errors=0
complete_checkout_governance_warnings=0
renderer_drift=0
renderer_reference_issues=0
taskpack_evidence_schema=pass
browser_external_network_requests=0
financial_values_emitted=0
automatic_trading_allowed=false
trade_execution_available=false
finder_used=false
launchservices_used=false
push_performed=false
app_install_performed=false
stage_9_whole_stage_review_started=false
stage_10_started=false
