# ADP-S5-P03-T065 commands (deterministic, no network except the read-only realtime build check)

# 1. import sanity
python3 -c "import sys; sys.path.insert(0,'tools'); import citation_evidence"

# 2. build Golden citations + report (deterministic)
python3 evidence/ADP-S5-P03-T065/build_citation_evidence.py
#   -> n_citations: 6
#   -> labels: P100 counter(contradict), P101 support(consistent with), P102 mention,
#              P103 counter(矛盾), P104 support(一致), P105 counter(inconsistent with)
#   -> label_counts: support 2, counter 3, mention 1

# 3. run deterministic acceptance verifier (re-derives from tool, not the report)
python3 evidence/ADP-S5-P03-T065/test-results/t065_verify.py | tee evidence/ADP-S5-P03-T065/test-results/citation_evidence_tests.txt
#   viewable context: all 6 labels backed by byte-exact context (or raw context for mention)
#   not-from-title: classifier takes only context; a title-based classifier disagrees on 5 cases (incl. P100/P103)
#   graph: B1 counter=['P100'], support=['P101'] (coexist, distinct)
#   cue precision: 'unlikely' not counter; 'inconsistent with' counter; 'unlike ' counter; 'corroborate' support
#   ACCEPTANCE = PASS (exit 0)

# 4. confirm realtime NOT regressed (read-only GET; NOT_DEPLOYED so must be unchanged)
curl -s https://adp.linzezhang.com/build.json | python3 -c "import sys,json;print(json.load(sys.stdin)['build_id'])"
#   -> b189d3cc0703  (== T040; realtime not regressed)

# 5. governance sync (fullwt reset to origin/main, copy evidence + tool, run gov_t065.py),
#    lean_governance ci --changed-only (expect SHIP, zero_tracked_write True), commit + push HEAD:main
