Stage 7 Phase 7.3 validation log

Scope:
V023-S7-P7.3 only. Stage 7 whole-stage review and GitHub upload are not executed.

RED:
PYTHONPATH=PFI/src PFI/.venv/bin/python -m pytest PFI/tests/test_v023_stage7_reports.py -q
Result: 5 failed, 10 passed
Reason: Phase 7.3 contract, quality/tuning model, page model, docs, and evidence did not exist.

Generated artifacts:
- quality_tuning.json
- quality_tuning_page_model.json
- quality_tuning_snapshot.html
- no_source_term_scan.json
- screenshots/quality_tuning.png

GREEN verification:
PYTHONPATH=PFI/src PFI/.venv/bin/python -m pytest PFI/tests/test_v023_stage7_reports.py -q
Result: 15 passed in 0.23s

PYTHONPATH=PFI/src PFI/.venv/bin/python -m pytest PFI/tests/test_v023_*.py -q
Result: 122 passed, 100 subtests passed in 1.89s

node --check PFI/web/app/pages/reports.js
Result: pass

PYTHONPATH=PFI/src PFI/.venv/bin/python -m py_compile PFI/src/pfi_v02/stage_v023_reports.py PFI/src/pfi_v02/stage_v023_formula_registry.py PFI/tests/test_v023_stage7_reports.py
Result: pass

json.tool Phase 7.3 evidence/quality/page-model/scan files
Result: pass

sips -g pixelWidth -g pixelHeight PFI/reports/pfi_v023/stage_7/phase_7_3/screenshots/quality_tuning.png
Result: 1440x1700

Blocked source term scan over Stage 7 Phase 7.3 files
Result: no matches after ignoring the report contract field sample_size

git diff --check -- PFI
Result: pass

Post-rebase verification:
Rebased Stage 7 Phase 7.1, Phase 7.2, and Phase 7.3 onto latest origin/main after unrelated ADP/arxiv evidence sync.

PYTHONPATH=PFI/src PFI/.venv/bin/python -m pytest PFI/tests/test_v023_stage7_reports.py -q
Result: 15 passed in 0.23s

PYTHONPATH=PFI/src PFI/.venv/bin/python -m pytest PFI/tests/test_v023_*.py -q
Result: 122 passed, 100 subtests passed in 1.85s

node --check PFI/web/app/pages/reports.js, py_compile, json.tool, screenshot size, source term scan, and git diff --check
Result: pass
