observed_at=2026-07-14T20:36:32+10:00
implementation_base=c0cf0a11291a7848206f72a13bce37bb2d41ff39
command=PFI/.venv/bin/python -B -m pytest -p no:cacheprovider PFI/tests/test_v025_stage3_interconnection.py -q
exit_code=2
result=expected RED; pfi_os.application.economic_event_pipeline absent
command=Phase 3.2 non-artifact contract subset
exit_code=0
result=10 passed; 4 artifact/governance tests deselected
command=PFI/.venv/bin/python -B -m pytest -p no:cacheprovider PFI/tests/test_v025_stage3_interconnection.py -q
exit_code=0
result=14 passed
command=current Phase 3.1 functional compatibility
exit_code=0
result=15 passed; 1 superseded current-governance assertion deselected
command=current Stage 3 worktree Stage 2 functional compatibility
exit_code=0
result=69 passed; 3 historical current-state tests deselected
command=in-memory Python compile and JSON/CSV parse
exit_code=0
result=5 Python files pass; v025 JSON parse pass; parameter/trace CSV widths exact
command=full-checkout project governance validation
exit_code=0
result=errors 0; warnings 0
command=full-checkout changed-only semantic governance sync
exit_code=0
result=errors 0; warnings 0
command=full-checkout lean governance check-render
exit_code=0
result=drift 0; reference issues 0
real_financial_data_read=false
real_financial_data_mutated=false
financial_fixture_fallback_used=false
production_financial_acceptance_claimed=false
database_changed=false
finder_used=false
network_performed=false
push_performed=false
app_install_performed=false
phase_3_3_work_performed=false
