Stage 7 Phase 7.2 validation log

Scope:
V023-S7-P7.2 only. Phase 7.3, Stage 7 whole-stage review, and GitHub upload are not executed.

RED:
PYTHONPATH=PFI/src PFI/.venv/bin/python -m pytest PFI/tests/test_v023_stage7_reports.py -q
Result: 4 failed, 6 passed
Reason: Phase 7.2 core report artifacts did not exist, consumption missing-data text needed explicit classification-structure wording, and the Phase 7.1 doc assertion still expected the prior Phase 7.2-not-executed state.

Generated artifacts:
- core_reports.json
- core_reports_page_model.json
- core_reports_snapshot.html
- no_source_term_scan.json
- screenshots/core_reports.png

GREEN verification:
PYTHONPATH=PFI/src PFI/.venv/bin/python -m pytest PFI/tests/test_v023_stage7_reports.py -q
Result: 10 passed in 0.18s

PYTHONPATH=PFI/src PFI/.venv/bin/python -m pytest PFI/tests/test_v023_*.py -q
Result: 117 passed, 100 subtests passed in 1.82s

node --check PFI/web/app/pages/reports.js
Result: pass

PYTHONPATH=PFI/src PFI/.venv/bin/python -m py_compile PFI/src/pfi_v02/stage_v023_reports.py PFI/src/pfi_v02/stage_v023_formula_registry.py PFI/tests/test_v023_stage7_reports.py
Result: pass

json.tool Phase 7.2 evidence/core/page-model/scan files
Result: pass

sips -g pixelWidth -g pixelHeight PFI/reports/pfi_v023/stage_7/phase_7_2/screenshots/core_reports.png
Result: 1440x1600

Blocked source term scan over Stage 7 Phase 7.2 files
Result: no matches after ignoring the report contract field sample_size

git diff --check -- PFI
Result: pass
