phase_id=V025-S9-P9.2
product_commit=7566107dfb3e2e3612ea28b9a2c31d8a8a553747
phase92_target=10_passed
stage9_schema_release_identity=27_passed
selected_upstream_regression=68_passed
release_identity_static=10_passed
stage7_frontend_contract=pass
stage9_frontend_contract=pass
formal_browser=11_of_11_pass
complete_checkout_governance_errors=0
complete_checkout_governance_warnings=0
renderer_drift=0
renderer_reference_issues=0
browser_external_network_requests=0
financial_values_emitted=0
finder_used=false
launchservices_used=false
push_performed=false
app_install_performed=false
phase_9_3_started=false
stage_9_whole_stage_review_started=false
