phase_id=V025-S10-P10.1
implementation_base=87743da7ce64fe173de1809f8c438369d222160e
product_commit=b97827f0b90f7e72de9fec64f88f702658a823bf
initial_smoke_command=not_started_exit_127_due_to_duplicated_PFI_venv_relative_prefix
corrected_isolated_smoke=pass
phase_target=7_passed
historical_stage10_and_sqlite_regression=19_passed
combined_phase_and_regression=26_passed
final_combined_phase_regression_release=36_passed
release_identity=10_passed
python_ast_parse=5_files_passed
database_probe=pass
database_probe_jobs=7
database_probe_events=20
database_probe_required_statuses=7_of_7
database_probe_integrity_check=ok
database_probe_foreign_key_check=pass
database_probe_journal_mode=DELETE
database_probe_wal_enabled=false
database_probe_sqlite_runtime=3.50.4
database_probe_raw_lease_tokens_found=0
database_probe_stale_worker_write=rejected
database_probe_temporary_file_removed=true
initial_concurrency_stress_assertion=failed_due_to_expected_event_count_162_instead_of_correct_163
concurrency_stress=pass
concurrency_stress_jobs_completed_once=40
concurrency_stress_workers=8
concurrency_stress_total_jobs=41
concurrency_stress_total_events=163
concurrency_stress_same_revision_heartbeat=one_winner_one_stale_rejected
concurrency_stress_integrity=ok
concurrency_stress_foreign_key_check=pass
taskpack_evidence_schema=pass
evidence_changed_file_count=33
evidence_artifact_hash_count=10
evidence_phase_contract=exact_runtime_match
sparse_direct_governance=exit_1_errors_28_all_missing_root_or_registered_project_paths
complete_union_overlay_initial_attempt=invalid_not_counted_due_to_zsh_path_variable_shadowing_copy_commands
complete_union_overlay_temporary_directory_cleanup=pass_with_absolute_rm
complete_union_checkout_governance_corrected=errors_0_warnings_0
current_worktree_renderer=drift_0_reference_issues_0
final_diff_check=pass
final_manual_code_security_review=no_actionable_phase_10_1_findings
privacy_scan=pass
finder_used=false
launchservices_used=false
gui_file_operations_used=false
external_network_performed=false
real_pfi_database_used=false
financial_values_emitted=0
push_performed=false
app_install_performed=false
phase_10_2_started=false
phase_10_3_started=false
stage_10_whole_stage_review_started=false
