# ADP-S5-P03-T064 commands (deterministic, no network except the read-only realtime build check)

# 1. import sanity
python3 -c "import sys; sys.path.insert(0,'tools'); import research_set"

# 2. build Golden Set fixtures + report (deterministic)
python3 evidence/ADP-S5-P03-T064/build_research_set.py
#   -> n_papers: 5
#   -> missing_counts: {'method': 1, 'sample': 2, 'result': 2}
#   -> filter has_result: ['P001', 'P002', 'P005']
#   -> filter method~网络: ['P001', 'P003']

# 3. run deterministic acceptance verifier (re-derives from tool, not the report)
python3 evidence/ADP-S5-P03-T064/test-results/t064_verify.py | tee evidence/ADP-S5-P03-T064/test-results/research_set_tests.txt
#   traceability: 10 present fields all byte-exact to source; all papers trace_to_source=OK
#   缺失不猜: 5 missing fields all report status=missing; hallucination + guess-default both rejected
#   filtering: has_result=['P001', 'P002', 'P005'] (3 runs identical); method~网络=['P001', 'P003']; non-trivial + deterministic
#   ACCEPTANCE = PASS (exit 0)

# 4. confirm realtime NOT regressed (read-only GET; NOT_DEPLOYED so must be unchanged)
curl -s https://adp.linzezhang.com/build.json | python3 -c "import sys,json;print(json.load(sys.stdin)['build_id'])"
#   -> b189d3cc0703  (== T040; realtime not regressed)

# 5. governance sync (fullwt reset to origin/main, copy evidence + tool, run gov_t064.py),
#    lean_governance ci --changed-only (expect SHIP, zero_tracked_write True), commit + push HEAD:main
