Stage 7 whole-stage review validation log

Scope:
V023-S7-REVIEW only. Stage 8 and later are not executed. GitHub main upload happens only after this review commit is verified.

RED:
PYTHONPATH=PFI/src PFI/.venv/bin/python -m pytest PFI/tests/test_v023_stage7_reports.py -q
Result: 1 failed, 15 passed
Reason: Stage 7 whole-stage review evidence files did not exist.

Review audit:
- Phase 7.1, Phase 7.2, and Phase 7.3 evidence status: candidate_pass
- Required reports present: net worth, cash balance, investment market value, consumption structure, data quality
- Missing account balance and holding market value inputs remain blocked/partial
- Export or explicit unimplemented scope is recorded
- Review findings: 0

Validation commands to run:
node --check PFI/web/app/pages/reports.js
PYTHONPATH=PFI/src PFI/.venv/bin/python -m pytest PFI/tests/test_v023_stage7_reports.py -q
PYTHONPATH=PFI/src PFI/.venv/bin/python -m pytest PFI/tests/test_v023_*.py -q
git diff --check -- PFI

GREEN verification:
PYTHONPATH=PFI/src PFI/.venv/bin/python -m pytest PFI/tests/test_v023_stage7_reports.py -q
Result: 16 passed in 0.23s

PYTHONPATH=PFI/src PFI/.venv/bin/python -m pytest PFI/tests/test_v023_*.py -q
Result: 123 passed, 100 subtests passed in 1.84s

node --check PFI/web/app/pages/reports.js
Result: pass

PYTHONPATH=PFI/src PFI/.venv/bin/python -m py_compile PFI/src/pfi_v02/stage_v023_reports.py PFI/src/pfi_v02/stage_v023_formula_registry.py PFI/tests/test_v023_stage7_reports.py
Result: pass

json.tool Stage 7 review evidence/audit/scan files
Result: pass

Blocked source term scan over Stage 7 files
Result: no matches after ignoring the report contract field sample_size

git diff --check -- PFI
Result: pass
