observed_at=2026-07-14T11:25:01Z
roadmap_sha256=fc2f406eef45d9a09f852aad1a2234b2c37547f8ae9c002d6230c54f7ca1071b
task_pack_sha256=591c839992963a631e079498ec98f6e83a5686ead4ce4ea2c8aea39ab3346dd2
review_base=0f9672081463523bab35a2b310216078fd3ad9d3
expected_red=module absent; pytest collection exit 2
initial_review=critical 0 important 3 minor 1
stage3_existing_functional_tests=39 passed; 2 historical state tests deselected
phase_evidence_binding=3 of 3 pass; task count 12
real_snapshot_partition=8815 input; 6879 published; 1936 review; 0 silent drop
idempotency=second publish 0; duplicates 6879; collision 0
rereview=critical 0 important 0 minor 0
whole_review_precommit_tests=10 passed; 1 postcommit candidate test deselected
stage3_current_functional_tests=49 passed; 3 historical or postcommit state tests deselected
stage2_functional_compatibility_tests=69 passed; 3 historical state tests deselected
whole_review_verifier=status pass; errors 0
project_governance_full_checkout=errors 0; warnings 0
governance_semantic_sync_full_checkout=errors 0; warnings 0
renderer=drift 0; reference issues 0
changed_scope=28 of 28 exact; diff check pass
finder_used=false
network_performed=false
push_performed=false
app_install_performed=false
stage4_work_performed=false
