phase_id=V025-S10-P10.3
implementation_base=9800d202d7eab7ab8b5fed4d0336327d4c4bd12e
product_commit=9d2a8eb9f7b3e91492cdabffa9965339cd3bba2e
phase_target=14_passed_in_3.54s
final_combined_product_regression=121_passed_2_upstream_deprecation_warnings_in_11.84s
actual_subprocess_sigkill_recovery=pass
formal_browser_status=pass
formal_browser_left_page_elapsed_ms=10503
formal_browser_same_job_recovered=true
formal_browser_retry_count=1
formal_browser_ui_api_database_parity=pass
formal_browser_external_network_calls=0
database_integrity=ok
database_foreign_key_check=pass
database_journal_mode=DELETE
database_wal_enabled=false
database_job_event_span_log_counts=1_8_8_8
trace_privacy=pass
screenshot_visual_inspection=pass
screenshot_sha256=25027e670bbf41afb4520b6eea4cd1f2b16cbd39a88fba0fb633ab27ce813dff
sanitized_trace_sha256=ddf993afe5f74d0ab7741ea67ed78e10b96c2856600fa6694c6ff5e5f8c24407
python_compileall=pass
node_syntax=pass
yaml_parse=5_files_pass
json_parse=phase_files_pass
jsonl_parse=65_events_pass
traceability_csv=126_rows_12_columns_pass
human_entry_render=3_updated
human_entry_check_render=drift_0_reference_issues_0
sparse_worktree_governance=28_environment_missing_root_or_unrelated_project_paths
complete_union_project_governance=errors_0_warnings_0
optional_global_semantic_diagnostic=37_preexisting_unrelated_KMFA_EEI_ADP_root_errors_no_pass_claimed
phase_privacy_scan=all_five_identity_pattern_classes_zero
finder_used=false
launchservices_used=false
gui_file_operations_used=false
canonical_private_database_used=false
external_network_performed=false
push_performed=false
app_install_performed=false
stage_10_phase_tasks=12_of_12_candidate_complete
stage_10_whole_stage_review_started=false
stage_10_user_acceptance_started=false
stage_11_started=false
next_task_id=STAGE10-WHOLE-REVIEW
