observed_at=2026-07-14T19:51:10+10:00
implementation_base=39120d2f3c7a73245bc6e619ae9a82c385f3efc1
command=PFI/.venv/bin/python -B -m pytest -p no:cacheprovider PFI/tests/test_v025_stage3_source_profiles.py -q
exit_code=2
result=expected RED; pfi_os.application.source_account_roles absent
command=PFI/.venv/bin/python -B -m pytest -p no:cacheprovider PFI/tests/test_v025_stage3_source_profiles.py -q -k non_artifact_contract
exit_code=0
result=12 passed; 4 artifact/governance tests deselected
command=PFI/.venv/bin/python -B -m pytest -p no:cacheprovider PFI/tests/test_v025_stage3_source_profiles.py -q
exit_code=0
result=16 passed
command=detached immutable Stage 2 review commit focused regression
exit_code=0
result=72 passed at 39120d2f3
command=current Stage 3 worktree Stage 2 functional compatibility
exit_code=0
result=69 passed; 3 historical current-state tests deselected
command=legacy v0.2.2 source/account functional compatibility
exit_code=0
result=6 passed; 1 obsolete rendered-human-title test deselected
command=in-memory Python compile and JSON parse
exit_code=0
result=4 Python files and 14 JSON files pass
command=full-checkout project governance validation
exit_code=0
result=errors 0; warnings 0
command=full-checkout changed-only semantic governance sync
exit_code=0
result=errors 0; warnings 0
command=full-checkout lean governance check-render
exit_code=0
result=drift 0; reference issues 0
real_financial_data_read=false
real_financial_data_mutated=false
database_changed=false
finder_used=false
network_performed=false
push_performed=false
app_install_performed=false
phase_3_2_work_performed=false
